#
# There is insufficient memory for the Java Runtime Environment to continue.
# Native memory allocation (malloc) failed to allocate 1477360 bytes for Chunk::new
# Possible reasons:
#   The system is out of physical RAM or swap space
#   The process is running with CompressedOops enabled, and the Java Heap may be blocking the growth of the native heap
# Possible solutions:
#   Reduce memory load on the system
#   Increase physical memory or swap space
#   Check if swap backing store is full
#   Decrease Java heap size (-Xmx/-Xms)
#   Decrease number of Java threads
#   Decrease Java thread stack sizes (-Xss)
#   Set larger code cache with -XX:ReservedCodeCacheSize=
#   JVM is running with Unscaled Compressed Oops mode in which the Java heap is
#     placed in the first 4GB address space. The Java Heap base address is the
#     maximum limit for the native heap growth. Please use -XX:HeapBaseMinAddress
#     to set the Java Heap base and to place the Java Heap above 4GB virtual address.
# This output file may be truncated or incomplete.
#
#  Out of Memory Error (arena.cpp:184), pid=24660, tid=1572
#
# JRE version: Java(TM) SE Runtime Environment (19.0.1+10) (build 19.0.1+10-21)
# Java VM: Java HotSpot(TM) 64-Bit Server VM (19.0.1+10-21, mixed mode, sharing, tiered, compressed oops, compressed class ptrs, g1 gc, windows-amd64)
# No core dump will be written. Minidumps are not enabled by default on client versions of Windows
#

---------------  S U M M A R Y ------------

Command Line: -Dmaven.multiModuleProjectDirectory=C:\Users\Guth MOELLE\Documents\CPE Lyon\Annee 5\Semestre 9\ASI-2\Atelier_I\ASI-II-Groupe1\springboot\chatHisto_manager -Djansi.passthrough=true -Dmaven.home=C:\Users\Guth MOELLE\.m2\wrapper\dists\apache-maven-3.9.5-bin\2adeog8mj13csp1uusqnc1f2mo\apache-maven-3.9.5 -Dclassworlds.conf=C:\Users\Guth MOELLE\.m2\wrapper\dists\apache-maven-3.9.5-bin\2adeog8mj13csp1uusqnc1f2mo\apache-maven-3.9.5\bin\m2.conf -Dmaven.ext.class.path=C:\Program Files\JetBrains\IntelliJ IDEA Community Edition 2022.3.2\plugins\maven\lib\maven-event-listener.jar -javaagent:C:\Program Files\JetBrains\IntelliJ IDEA Community Edition 2022.3.2\lib\idea_rt.jar=53041:C:\Program Files\JetBrains\IntelliJ IDEA Community Edition 2022.3.2\bin -Dfile.encoding=UTF-8 -Dsun.stdout.encoding=UTF-8 -Dsun.stderr.encoding=UTF-8 org.codehaus.classworlds.Launcher -Didea.version=2022.3.2 clean install

Host: Intel(R) Core(TM) i5-10210U CPU @ 1.60GHz, 8 cores, 7G,  Windows 10 , 64 bit Build 19041 (10.0.19041.3636)
Time: Sun Dec  3 12:51:43 2023 Paris, Madrid elapsed time: 26.122131 seconds (0d 0h 0m 26s)

---------------  T H R E A D  ---------------

Current thread (0x0000012337863630):  JavaThread "C2 CompilerThread0" daemon [_thread_in_native, id=1572, stack(0x0000000ac1b00000,0x0000000ac1c00000)]


Current CompileTask:
C2:  26122 8218   !   4       lombok.javac.JavacAST::drill (146 bytes)

Stack: [0x0000000ac1b00000,0x0000000ac1c00000]
Native frames: (J=compiled Java code, j=interpreted, Vv=VM code, C=native code)
V  [jvm.dll+0x6ee8fa]
V  [jvm.dll+0x857a1e]
V  [jvm.dll+0x85940e]
V  [jvm.dll+0x859ac3]
V  [jvm.dll+0x28291f]
V  [jvm.dll+0xc9b5f]
V  [jvm.dll+0xc9ee5]
V  [jvm.dll+0x3bcbac]
V  [jvm.dll+0x1ee12a]
V  [jvm.dll+0x24c41b]
V  [jvm.dll+0x24b671]
V  [jvm.dll+0x1d6d61]
V  [jvm.dll+0x25b0fa]
V  [jvm.dll+0x259588]
V  [jvm.dll+0x807928]
V  [jvm.dll+0x8015fa]
V  [jvm.dll+0x6ed5eb]
C  [ucrtbase.dll+0x21bb2]
C  [KERNEL32.DLL+0x17344]
C  [ntdll.dll+0x526b1]


---------------  P R O C E S S  ---------------

Threads class SMR info:
_java_thread_list=0x000001233e554cc0, length=14, elements={
0x00000123191801c0, 0x00000123378595b0, 0x000001233785a3a0, 0x000001233785bb90,
0x000001233785f5e0, 0x000001233785ff10, 0x00000123378629d0, 0x0000012337863630,
0x0000012337865fb0, 0x0000012337873110, 0x000001233782d780, 0x000001233bda5b40,
0x000001233bd76530, 0x000001233dc67900
}

Java Threads: ( => current thread )
  0x00000123191801c0 JavaThread "main" [_thread_in_native, id=24324, stack(0x0000000ac0e00000,0x0000000ac0f00000)]
  0x00000123378595b0 JavaThread "Reference Handler" daemon [_thread_blocked, id=20868, stack(0x0000000ac1500000,0x0000000ac1600000)]
  0x000001233785a3a0 JavaThread "Finalizer" daemon [_thread_blocked, id=3548, stack(0x0000000ac1600000,0x0000000ac1700000)]
  0x000001233785bb90 JavaThread "Signal Dispatcher" daemon [_thread_blocked, id=25084, stack(0x0000000ac1700000,0x0000000ac1800000)]
  0x000001233785f5e0 JavaThread "Attach Listener" daemon [_thread_blocked, id=8560, stack(0x0000000ac1800000,0x0000000ac1900000)]
  0x000001233785ff10 JavaThread "Service Thread" daemon [_thread_blocked, id=16964, stack(0x0000000ac1900000,0x0000000ac1a00000)]
  0x00000123378629d0 JavaThread "Monitor Deflation Thread" daemon [_thread_blocked, id=5884, stack(0x0000000ac1a00000,0x0000000ac1b00000)]
=>0x0000012337863630 JavaThread "C2 CompilerThread0" daemon [_thread_in_native, id=1572, stack(0x0000000ac1b00000,0x0000000ac1c00000)]
  0x0000012337865fb0 JavaThread "C1 CompilerThread0" daemon [_thread_blocked, id=6184, stack(0x0000000ac1c00000,0x0000000ac1d00000)]
  0x0000012337873110 JavaThread "Sweeper thread" daemon [_thread_blocked, id=15016, stack(0x0000000ac1d00000,0x0000000ac1e00000)]
  0x000001233782d780 JavaThread "Common-Cleaner" daemon [_thread_blocked, id=25472, stack(0x0000000ac1e00000,0x0000000ac1f00000)]
  0x000001233bda5b40 JavaThread "Monitor Ctrl-Break" daemon [_thread_in_native, id=24284, stack(0x0000000ac1f00000,0x0000000ac2000000)]
  0x000001233bd76530 JavaThread "Notification Thread" daemon [_thread_blocked, id=5292, stack(0x0000000ac2000000,0x0000000ac2100000)]
  0x000001233dc67900 JavaThread "C2 CompilerThread1" daemon [_thread_in_native, id=8500, stack(0x0000000ac2200000,0x0000000ac2300000)]

Other Threads:
  0x000001233783dc60 VMThread "VM Thread" [stack: 0x0000000ac1400000,0x0000000ac1500000] [id=20956]
  0x000001233bd4cb70 WatcherThread "VM Periodic Task Thread" [stack: 0x0000000ac2100000,0x0000000ac2200000] [id=15104]
  0x00000123191de3b0 WorkerThread "GC Thread#0" [stack: 0x0000000ac0f00000,0x0000000ac1000000] [id=23916]
  0x000001233c944bf0 WorkerThread "GC Thread#1" [stack: 0x0000000ac2400000,0x0000000ac2500000] [id=18472]
  0x000001233c945fa0 WorkerThread "GC Thread#2" [stack: 0x0000000ac2500000,0x0000000ac2600000] [id=23172]
  0x000001233c945cd0 WorkerThread "GC Thread#3" [stack: 0x0000000ac2600000,0x0000000ac2700000] [id=24228]
  0x000001233c945460 WorkerThread "GC Thread#4" [stack: 0x0000000ac2700000,0x0000000ac2800000] [id=17012]
  0x000001233c946270 WorkerThread "GC Thread#5" [stack: 0x0000000ac2800000,0x0000000ac2900000] [id=6452]
  0x000001233c946540 WorkerThread "GC Thread#6" [stack: 0x0000000ac2900000,0x0000000ac2a00000] [id=24764]
  0x000001233c946810 WorkerThread "GC Thread#7" [stack: 0x0000000ac2a00000,0x0000000ac2b00000] [id=19684]
  0x00000123191efcd0 ConcurrentGCThread "G1 Main Marker" [stack: 0x0000000ac1000000,0x0000000ac1100000] [id=7732]
  0x00000123191f0db0 WorkerThread "G1 Conc#0" [stack: 0x0000000ac1100000,0x0000000ac1200000] [id=3028]
  0x000001233cac3b40 WorkerThread "G1 Conc#1" [stack: 0x0000000ac2300000,0x0000000ac2400000] [id=25584]
  0x000001231924eba0 ConcurrentGCThread "G1 Refine#0" [stack: 0x0000000ac1200000,0x0000000ac1300000] [id=22020]
  0x00000123376f7740 ConcurrentGCThread "G1 Service" [stack: 0x0000000ac1300000,0x0000000ac1400000] [id=7092]

Threads with active compile tasks:
C2 CompilerThread0    26189 8218   !   4       lombok.javac.JavacAST::drill (146 bytes)
C2 CompilerThread1    26189 8134       4       lombok.javac.JavacAST::buildStatementOrExpression (104 bytes)

VM state: not at safepoint (normal execution)

VM Mutex/Monitor currently owned by a thread: None

Heap address: 0x0000000083800000, size: 1992 MB, Compressed Oops mode: 32-bit

CDS archive(s) mapped at: [0x0000000800000000-0x0000000800c40000-0x0000000800c40000), size 12845056, SharedBaseAddress: 0x0000000800000000, ArchiveRelocationMode: 0.
Compressed class space mapped at: 0x0000000801000000-0x0000000841000000, reserved size: 1073741824
Narrow klass base: 0x0000000800000000, Narrow klass shift: 0, Narrow klass range: 0x100000000

GC Precious Log:
 CardTable entry size: 512
 Card Set container configuration: InlinePtr #cards 5 size 8 Array Of Cards #cards 12 size 40 Howl #buckets 4 coarsen threshold 1843 Howl Bitmap #cards 512 size 80 coarsen threshold 460 Card regions per heap region 1 cards per card region 2048
 CPUs: 8 total, 8 available
 Memory: 7965M
 Large Page Support: Disabled
 NUMA Support: Disabled
 Compressed Oops: Enabled (32-bit)
 Heap Region Size: 1M
 Heap Min Capacity: 8M
 Heap Initial Capacity: 126M
 Heap Max Capacity: 1992M
 Pre-touch: Disabled
 Parallel Workers: 8
 Concurrent Workers: 2
 Concurrent Refinement Workers: 8
 Periodic GC: Disabled

Heap:
 garbage-first heap   total 260096K, used 58749K [0x0000000083800000, 0x0000000100000000)
  region size 1024K, 16 young (16384K), 9 survivors (9216K)
 Metaspace       used 36754K, committed 37248K, reserved 1114112K
  class space    used 4109K, committed 4352K, reserved 1048576K

Heap Regions: E=young(eden), S=young(survivor), O=old, HS=humongous(starts), HC=humongous(continues), CS=collection set, F=free, OA=open archive, CA=closed archive, TAMS=top-at-mark-start (previous, next)
|   0|0x0000000083800000, 0x0000000083900000, 0x0000000083900000|100%| O|  |TAMS 0x0000000083900000, 0x0000000083800000| Untracked 
|   1|0x0000000083900000, 0x0000000083a00000, 0x0000000083a00000|100%| O|  |TAMS 0x0000000083a00000, 0x0000000083900000| Untracked 
|   2|0x0000000083a00000, 0x0000000083b00000, 0x0000000083b00000|100%| O|  |TAMS 0x0000000083b00000, 0x0000000083a00000| Untracked 
|   3|0x0000000083b00000, 0x0000000083c00000, 0x0000000083c00000|100%| O|  |TAMS 0x0000000083c00000, 0x0000000083b00000| Untracked 
|   4|0x0000000083c00000, 0x0000000083d00000, 0x0000000083d00000|100%| O|  |TAMS 0x0000000083d00000, 0x0000000083c00000| Untracked 
|   5|0x0000000083d00000, 0x0000000083e00000, 0x0000000083e00000|100%| O|  |TAMS 0x0000000083e00000, 0x0000000083d00000| Untracked 
|   6|0x0000000083e00000, 0x0000000083f00000, 0x0000000083f00000|100%| O|  |TAMS 0x0000000083f00000, 0x0000000083e00000| Untracked 
|   7|0x0000000083f00000, 0x0000000084000000, 0x0000000084000000|100%| O|  |TAMS 0x0000000084000000, 0x0000000083f00000| Untracked 
|   8|0x0000000084000000, 0x0000000084100000, 0x0000000084100000|100%| O|  |TAMS 0x0000000084100000, 0x0000000084000000| Untracked 
|   9|0x0000000084100000, 0x0000000084200000, 0x0000000084200000|100%| O|  |TAMS 0x0000000084200000, 0x0000000084100000| Untracked 
|  10|0x0000000084200000, 0x0000000084300000, 0x0000000084300000|100%| O|  |TAMS 0x0000000084300000, 0x0000000084200000| Untracked 
|  11|0x0000000084300000, 0x0000000084400000, 0x0000000084400000|100%| O|  |TAMS 0x0000000084400000, 0x0000000084300000| Untracked 
|  12|0x0000000084400000, 0x0000000084500000, 0x0000000084500000|100%| O|  |TAMS 0x0000000084500000, 0x0000000084400000| Untracked 
|  13|0x0000000084500000, 0x0000000084600000, 0x0000000084600000|100%| O|  |TAMS 0x0000000084600000, 0x0000000084500000| Untracked 
|  14|0x0000000084600000, 0x0000000084700000, 0x0000000084700000|100%|HS|  |TAMS 0x0000000084600000, 0x0000000084600000| Complete 
|  15|0x0000000084700000, 0x0000000084800000, 0x0000000084800000|100%| O|  |TAMS 0x0000000084800000, 0x0000000084700000| Untracked 
|  16|0x0000000084800000, 0x0000000084900000, 0x0000000084900000|100%| O|  |TAMS 0x0000000084900000, 0x0000000084800000| Untracked 
|  17|0x0000000084900000, 0x0000000084a00000, 0x0000000084a00000|100%| O|  |TAMS 0x0000000084a00000, 0x0000000084900000| Untracked 
|  18|0x0000000084a00000, 0x0000000084b00000, 0x0000000084b00000|100%| O|  |TAMS 0x0000000084b00000, 0x0000000084a00000| Untracked 
|  19|0x0000000084b00000, 0x0000000084c00000, 0x0000000084c00000|100%| O|  |TAMS 0x0000000084c00000, 0x0000000084b00000| Untracked 
|  20|0x0000000084c00000, 0x0000000084d00000, 0x0000000084d00000|100%| O|  |TAMS 0x0000000084d00000, 0x0000000084c00000| Untracked 
|  21|0x0000000084d00000, 0x0000000084e00000, 0x0000000084e00000|100%|HS|  |TAMS 0x0000000084d00000, 0x0000000084d00000| Complete 
|  22|0x0000000084e00000, 0x0000000084f00000, 0x0000000084f00000|100%| O|  |TAMS 0x0000000084e71a00, 0x0000000084e00000| Untracked 
|  23|0x0000000084f00000, 0x0000000085000000, 0x0000000085000000|100%| O|  |TAMS 0x0000000084f00000, 0x0000000084f00000| Untracked 
|  24|0x0000000085000000, 0x0000000085100000, 0x0000000085100000|100%| O|  |TAMS 0x0000000085000000, 0x0000000085000000| Untracked 
|  25|0x0000000085100000, 0x0000000085200000, 0x0000000085200000|100%| O|  |TAMS 0x0000000085100000, 0x0000000085100000| Untracked 
|  26|0x0000000085200000, 0x0000000085300000, 0x0000000085300000|100%| O|  |TAMS 0x0000000085200000, 0x0000000085200000| Untracked 
|  27|0x0000000085300000, 0x0000000085400000, 0x0000000085400000|100%| O|  |TAMS 0x0000000085300000, 0x0000000085300000| Untracked 
|  28|0x0000000085400000, 0x0000000085500000, 0x0000000085500000|100%| O|  |TAMS 0x0000000085400000, 0x0000000085400000| Untracked 
|  29|0x0000000085500000, 0x0000000085600000, 0x0000000085600000|100%| O|  |TAMS 0x0000000085500000, 0x0000000085500000| Untracked 
|  30|0x0000000085600000, 0x0000000085700000, 0x0000000085700000|100%| O|  |TAMS 0x0000000085600000, 0x0000000085600000| Untracked 
|  31|0x0000000085700000, 0x0000000085700000, 0x0000000085800000|  0%| F|  |TAMS 0x0000000085700000, 0x0000000085700000| Untracked 
|  32|0x0000000085800000, 0x0000000085800000, 0x0000000085900000|  0%| F|  |TAMS 0x0000000085800000, 0x0000000085800000| Untracked 
|  33|0x0000000085900000, 0x0000000085900000, 0x0000000085a00000|  0%| F|  |TAMS 0x0000000085900000, 0x0000000085900000| Untracked 
|  34|0x0000000085a00000, 0x0000000085a00000, 0x0000000085b00000|  0%| F|  |TAMS 0x0000000085a00000, 0x0000000085a00000| Untracked 
|  35|0x0000000085b00000, 0x0000000085b00000, 0x0000000085c00000|  0%| F|  |TAMS 0x0000000085b00000, 0x0000000085b00000| Untracked 
|  36|0x0000000085c00000, 0x0000000085c00000, 0x0000000085d00000|  0%| F|  |TAMS 0x0000000085c00000, 0x0000000085c00000| Untracked 
|  37|0x0000000085d00000, 0x0000000085d00000, 0x0000000085e00000|  0%| F|  |TAMS 0x0000000085d00000, 0x0000000085d00000| Untracked 
|  38|0x0000000085e00000, 0x0000000085f00000, 0x0000000085f00000|100%| O|  |TAMS 0x0000000085e00000, 0x0000000085e00000| Untracked 
|  39|0x0000000085f00000, 0x0000000086000000, 0x0000000086000000|100%| O|  |TAMS 0x0000000085f00000, 0x0000000085f00000| Untracked 
|  40|0x0000000086000000, 0x0000000086100000, 0x0000000086100000|100%| O|  |TAMS 0x0000000086000000, 0x0000000086000000| Untracked 
|  41|0x0000000086100000, 0x0000000086200000, 0x0000000086200000|100%| O|  |TAMS 0x0000000086100000, 0x0000000086100000| Untracked 
|  42|0x0000000086200000, 0x0000000086300000, 0x0000000086300000|100%| O|  |TAMS 0x0000000086200000, 0x0000000086200000| Untracked 
|  43|0x0000000086300000, 0x0000000086400000, 0x0000000086400000|100%| O|  |TAMS 0x0000000086300000, 0x0000000086300000| Untracked 
|  44|0x0000000086400000, 0x0000000086500000, 0x0000000086500000|100%| O|  |TAMS 0x0000000086400000, 0x0000000086400000| Untracked 
|  45|0x0000000086500000, 0x0000000086600000, 0x0000000086600000|100%| O|  |TAMS 0x0000000086500000, 0x0000000086500000| Untracked 
|  46|0x0000000086600000, 0x0000000086600000, 0x0000000086700000|  0%| F|  |TAMS 0x0000000086600000, 0x0000000086600000| Untracked 
|  47|0x0000000086700000, 0x0000000086700000, 0x0000000086800000|  0%| F|  |TAMS 0x0000000086700000, 0x0000000086700000| Untracked 
|  48|0x0000000086800000, 0x0000000086800000, 0x0000000086900000|  0%| F|  |TAMS 0x0000000086800000, 0x0000000086800000| Untracked 
|  49|0x0000000086900000, 0x0000000086900000, 0x0000000086a00000|  0%| F|  |TAMS 0x0000000086900000, 0x0000000086900000| Untracked 
|  50|0x0000000086a00000, 0x0000000086a00000, 0x0000000086b00000|  0%| F|  |TAMS 0x0000000086a00000, 0x0000000086a00000| Untracked 
|  51|0x0000000086b00000, 0x0000000086b00000, 0x0000000086c00000|  0%| F|  |TAMS 0x0000000086b00000, 0x0000000086b00000| Untracked 
|  52|0x0000000086c00000, 0x0000000086c00000, 0x0000000086d00000|  0%| F|  |TAMS 0x0000000086c00000, 0x0000000086c00000| Untracked 
|  53|0x0000000086d00000, 0x0000000086d00000, 0x0000000086e00000|  0%| F|  |TAMS 0x0000000086d00000, 0x0000000086d00000| Untracked 
|  54|0x0000000086e00000, 0x0000000086e00000, 0x0000000086f00000|  0%| F|  |TAMS 0x0000000086e00000, 0x0000000086e00000| Untracked 
|  55|0x0000000086f00000, 0x0000000086f00000, 0x0000000087000000|  0%| F|  |TAMS 0x0000000086f00000, 0x0000000086f00000| Untracked 
|  56|0x0000000087000000, 0x0000000087000000, 0x0000000087100000|  0%| F|  |TAMS 0x0000000087000000, 0x0000000087000000| Untracked 
|  57|0x0000000087100000, 0x0000000087100000, 0x0000000087200000|  0%| F|  |TAMS 0x0000000087100000, 0x0000000087100000| Untracked 
|  58|0x0000000087200000, 0x0000000087200000, 0x0000000087300000|  0%| F|  |TAMS 0x0000000087200000, 0x0000000087200000| Untracked 
|  59|0x0000000087300000, 0x0000000087300000, 0x0000000087400000|  0%| F|  |TAMS 0x0000000087300000, 0x0000000087300000| Untracked 
|  60|0x0000000087400000, 0x0000000087400000, 0x0000000087500000|  0%| F|  |TAMS 0x0000000087400000, 0x0000000087400000| Untracked 
|  61|0x0000000087500000, 0x0000000087500000, 0x0000000087600000|  0%| F|  |TAMS 0x0000000087500000, 0x0000000087500000| Untracked 
|  62|0x0000000087600000, 0x0000000087600000, 0x0000000087700000|  0%| F|  |TAMS 0x0000000087600000, 0x0000000087600000| Untracked 
|  63|0x0000000087700000, 0x0000000087700000, 0x0000000087800000|  0%| F|  |TAMS 0x0000000087700000, 0x0000000087700000| Untracked 
|  64|0x0000000087800000, 0x0000000087800000, 0x0000000087900000|  0%| F|  |TAMS 0x0000000087800000, 0x0000000087800000| Untracked 
|  65|0x0000000087900000, 0x0000000087900000, 0x0000000087a00000|  0%| F|  |TAMS 0x0000000087900000, 0x0000000087900000| Untracked 
|  66|0x0000000087a00000, 0x0000000087a00000, 0x0000000087b00000|  0%| F|  |TAMS 0x0000000087a00000, 0x0000000087a00000| Untracked 
|  67|0x0000000087b00000, 0x0000000087b00000, 0x0000000087c00000|  0%| F|  |TAMS 0x0000000087b00000, 0x0000000087b00000| Untracked 
|  68|0x0000000087c00000, 0x0000000087c00000, 0x0000000087d00000|  0%| F|  |TAMS 0x0000000087c00000, 0x0000000087c00000| Untracked 
|  69|0x0000000087d00000, 0x0000000087d00000, 0x0000000087e00000|  0%| F|  |TAMS 0x0000000087d00000, 0x0000000087d00000| Untracked 
|  70|0x0000000087e00000, 0x0000000087e00000, 0x0000000087f00000|  0%| F|  |TAMS 0x0000000087e00000, 0x0000000087e00000| Untracked 
|  71|0x0000000087f00000, 0x0000000087f00000, 0x0000000088000000|  0%| F|  |TAMS 0x0000000087f00000, 0x0000000087f00000| Untracked 
|  72|0x0000000088000000, 0x0000000088000000, 0x0000000088100000|  0%| F|  |TAMS 0x0000000088000000, 0x0000000088000000| Untracked 
|  73|0x0000000088100000, 0x0000000088100000, 0x0000000088200000|  0%| F|  |TAMS 0x0000000088100000, 0x0000000088100000| Untracked 
|  74|0x0000000088200000, 0x0000000088200000, 0x0000000088300000|  0%| F|  |TAMS 0x0000000088200000, 0x0000000088200000| Untracked 
|  75|0x0000000088300000, 0x0000000088300000, 0x0000000088400000|  0%| F|  |TAMS 0x0000000088300000, 0x0000000088300000| Untracked 
|  76|0x0000000088400000, 0x0000000088400000, 0x0000000088500000|  0%| F|  |TAMS 0x0000000088400000, 0x0000000088400000| Untracked 
|  77|0x0000000088500000, 0x0000000088500000, 0x0000000088600000|  0%| F|  |TAMS 0x0000000088500000, 0x0000000088500000| Untracked 
|  78|0x0000000088600000, 0x0000000088600000, 0x0000000088700000|  0%| F|  |TAMS 0x0000000088600000, 0x0000000088600000| Untracked 
|  79|0x0000000088700000, 0x0000000088700000, 0x0000000088800000|  0%| F|  |TAMS 0x0000000088700000, 0x0000000088700000| Untracked 
|  80|0x0000000088800000, 0x0000000088800000, 0x0000000088900000|  0%| F|  |TAMS 0x0000000088800000, 0x0000000088800000| Untracked 
|  81|0x0000000088900000, 0x0000000088900000, 0x0000000088a00000|  0%| F|  |TAMS 0x0000000088900000, 0x0000000088900000| Untracked 
|  82|0x0000000088a00000, 0x0000000088a00000, 0x0000000088b00000|  0%| F|  |TAMS 0x0000000088a00000, 0x0000000088a00000| Untracked 
|  83|0x0000000088b00000, 0x0000000088b00000, 0x0000000088c00000|  0%| F|  |TAMS 0x0000000088b00000, 0x0000000088b00000| Untracked 
|  84|0x0000000088c00000, 0x0000000088c00000, 0x0000000088d00000|  0%| F|  |TAMS 0x0000000088c00000, 0x0000000088c00000| Untracked 
|  85|0x0000000088d00000, 0x0000000088d00000, 0x0000000088e00000|  0%| F|  |TAMS 0x0000000088d00000, 0x0000000088d00000| Untracked 
|  86|0x0000000088e00000, 0x0000000088e00000, 0x0000000088f00000|  0%| F|  |TAMS 0x0000000088e00000, 0x0000000088e00000| Untracked 
|  87|0x0000000088f00000, 0x0000000088f00000, 0x0000000089000000|  0%| F|  |TAMS 0x0000000088f00000, 0x0000000088f00000| Untracked 
|  88|0x0000000089000000, 0x0000000089000000, 0x0000000089100000|  0%| F|  |TAMS 0x0000000089000000, 0x0000000089000000| Untracked 
|  89|0x0000000089100000, 0x0000000089100000, 0x0000000089200000|  0%| F|  |TAMS 0x0000000089100000, 0x0000000089100000| Untracked 
|  90|0x0000000089200000, 0x0000000089200000, 0x0000000089300000|  0%| F|  |TAMS 0x0000000089200000, 0x0000000089200000| Untracked 
|  91|0x0000000089300000, 0x0000000089300000, 0x0000000089400000|  0%| F|  |TAMS 0x0000000089300000, 0x0000000089300000| Untracked 
|  92|0x0000000089400000, 0x0000000089400000, 0x0000000089500000|  0%| F|  |TAMS 0x0000000089400000, 0x0000000089400000| Untracked 
|  93|0x0000000089500000, 0x0000000089500000, 0x0000000089600000|  0%| F|  |TAMS 0x0000000089500000, 0x0000000089500000| Untracked 
|  94|0x0000000089600000, 0x0000000089600000, 0x0000000089700000|  0%| F|  |TAMS 0x0000000089600000, 0x0000000089600000| Untracked 
|  95|0x0000000089700000, 0x0000000089700000, 0x0000000089800000|  0%| F|  |TAMS 0x0000000089700000, 0x0000000089700000| Untracked 
|  96|0x0000000089800000, 0x0000000089800000, 0x0000000089900000|  0%| F|  |TAMS 0x0000000089800000, 0x0000000089800000| Untracked 
|  97|0x0000000089900000, 0x0000000089900000, 0x0000000089a00000|  0%| F|  |TAMS 0x0000000089900000, 0x0000000089900000| Untracked 
|  98|0x0000000089a00000, 0x0000000089a00000, 0x0000000089b00000|  0%| F|  |TAMS 0x0000000089a00000, 0x0000000089a00000| Untracked 
|  99|0x0000000089b00000, 0x0000000089b00000, 0x0000000089c00000|  0%| F|  |TAMS 0x0000000089b00000, 0x0000000089b00000| Untracked 
| 100|0x0000000089c00000, 0x0000000089c00000, 0x0000000089d00000|  0%| F|  |TAMS 0x0000000089c00000, 0x0000000089c00000| Untracked 
| 101|0x0000000089d00000, 0x0000000089d00000, 0x0000000089e00000|  0%| F|  |TAMS 0x0000000089d00000, 0x0000000089d00000| Untracked 
| 102|0x0000000089e00000, 0x0000000089e00000, 0x0000000089f00000|  0%| F|  |TAMS 0x0000000089e00000, 0x0000000089e00000| Untracked 
| 103|0x0000000089f00000, 0x0000000089f00000, 0x000000008a000000|  0%| F|  |TAMS 0x0000000089f00000, 0x0000000089f00000| Untracked 
| 104|0x000000008a000000, 0x000000008a000000, 0x000000008a100000|  0%| F|  |TAMS 0x000000008a000000, 0x000000008a000000| Untracked 
| 105|0x000000008a100000, 0x000000008a100000, 0x000000008a200000|  0%| F|  |TAMS 0x000000008a100000, 0x000000008a100000| Untracked 
| 106|0x000000008a200000, 0x000000008a200000, 0x000000008a300000|  0%| F|  |TAMS 0x000000008a200000, 0x000000008a200000| Untracked 
| 107|0x000000008a300000, 0x000000008a300000, 0x000000008a400000|  0%| F|  |TAMS 0x000000008a300000, 0x000000008a300000| Untracked 
| 108|0x000000008a400000, 0x000000008a400000, 0x000000008a500000|  0%| F|  |TAMS 0x000000008a400000, 0x000000008a400000| Untracked 
| 109|0x000000008a500000, 0x000000008a500000, 0x000000008a600000|  0%| F|  |TAMS 0x000000008a500000, 0x000000008a500000| Untracked 
| 110|0x000000008a600000, 0x000000008a600000, 0x000000008a700000|  0%| F|  |TAMS 0x000000008a600000, 0x000000008a600000| Untracked 
| 111|0x000000008a700000, 0x000000008a700000, 0x000000008a800000|  0%| F|  |TAMS 0x000000008a700000, 0x000000008a700000| Untracked 
| 112|0x000000008a800000, 0x000000008a800000, 0x000000008a900000|  0%| F|  |TAMS 0x000000008a800000, 0x000000008a800000| Untracked 
| 113|0x000000008a900000, 0x000000008a900000, 0x000000008aa00000|  0%| F|  |TAMS 0x000000008a900000, 0x000000008a900000| Untracked 
| 114|0x000000008aa00000, 0x000000008aa00000, 0x000000008ab00000|  0%| F|  |TAMS 0x000000008aa00000, 0x000000008aa00000| Untracked 
| 115|0x000000008ab00000, 0x000000008ab00000, 0x000000008ac00000|  0%| F|  |TAMS 0x000000008ab00000, 0x000000008ab00000| Untracked 
| 116|0x000000008ac00000, 0x000000008ac00000, 0x000000008ad00000|  0%| F|  |TAMS 0x000000008ac00000, 0x000000008ac00000| Untracked 
| 117|0x000000008ad00000, 0x000000008ad00000, 0x000000008ae00000|  0%| F|  |TAMS 0x000000008ad00000, 0x000000008ad00000| Untracked 
| 118|0x000000008ae00000, 0x000000008ae00000, 0x000000008af00000|  0%| F|  |TAMS 0x000000008ae00000, 0x000000008ae00000| Untracked 
| 119|0x000000008af00000, 0x000000008af00000, 0x000000008b000000|  0%| F|  |TAMS 0x000000008af00000, 0x000000008af00000| Untracked 
| 120|0x000000008b000000, 0x000000008b000000, 0x000000008b100000|  0%| F|  |TAMS 0x000000008b000000, 0x000000008b000000| Untracked 
| 121|0x000000008b100000, 0x000000008b100000, 0x000000008b200000|  0%| F|  |TAMS 0x000000008b100000, 0x000000008b100000| Untracked 
| 122|0x000000008b200000, 0x000000008b25f600, 0x000000008b300000| 37%| S|CS|TAMS 0x000000008b200000, 0x000000008b200000| Complete 
| 123|0x000000008b300000, 0x000000008b400000, 0x000000008b400000|100%| S|CS|TAMS 0x000000008b300000, 0x000000008b300000| Complete 
| 124|0x000000008b400000, 0x000000008b500000, 0x000000008b500000|100%| S|CS|TAMS 0x000000008b400000, 0x000000008b400000| Complete 
| 125|0x000000008b500000, 0x000000008b600000, 0x000000008b600000|100%| S|CS|TAMS 0x000000008b500000, 0x000000008b500000| Complete 
| 126|0x000000008b600000, 0x000000008b700000, 0x000000008b700000|100%| S|CS|TAMS 0x000000008b600000, 0x000000008b600000| Complete 
| 127|0x000000008b700000, 0x000000008b800000, 0x000000008b800000|100%| S|CS|TAMS 0x000000008b700000, 0x000000008b700000| Complete 
| 128|0x000000008b800000, 0x000000008b900000, 0x000000008b900000|100%| S|CS|TAMS 0x000000008b800000, 0x000000008b800000| Complete 
| 129|0x000000008b900000, 0x000000008ba00000, 0x000000008ba00000|100%| S|CS|TAMS 0x000000008b900000, 0x000000008b900000| Complete 
| 130|0x000000008ba00000, 0x000000008bb00000, 0x000000008bb00000|100%| S|CS|TAMS 0x000000008ba00000, 0x000000008ba00000| Complete 
| 131|0x000000008bb00000, 0x000000008bb00000, 0x000000008bc00000|  0%| F|  |TAMS 0x000000008bb00000, 0x000000008bb00000| Untracked 
| 132|0x000000008bc00000, 0x000000008bc00000, 0x000000008bd00000|  0%| F|  |TAMS 0x000000008bc00000, 0x000000008bc00000| Untracked 
| 133|0x000000008bd00000, 0x000000008bd00000, 0x000000008be00000|  0%| F|  |TAMS 0x000000008bd00000, 0x000000008bd00000| Untracked 
| 134|0x000000008be00000, 0x000000008be00000, 0x000000008bf00000|  0%| F|  |TAMS 0x000000008be00000, 0x000000008be00000| Untracked 
| 135|0x000000008bf00000, 0x000000008bf00000, 0x000000008c000000|  0%| F|  |TAMS 0x000000008bf00000, 0x000000008bf00000| Untracked 
| 136|0x000000008c000000, 0x000000008c000000, 0x000000008c100000|  0%| F|  |TAMS 0x000000008c000000, 0x000000008c000000| Untracked 
| 137|0x000000008c100000, 0x000000008c100000, 0x000000008c200000|  0%| F|  |TAMS 0x000000008c100000, 0x000000008c100000| Untracked 
| 138|0x000000008c200000, 0x000000008c200000, 0x000000008c300000|  0%| F|  |TAMS 0x000000008c200000, 0x000000008c200000| Untracked 
| 139|0x000000008c300000, 0x000000008c300000, 0x000000008c400000|  0%| F|  |TAMS 0x000000008c300000, 0x000000008c300000| Untracked 
| 140|0x000000008c400000, 0x000000008c400000, 0x000000008c500000|  0%| F|  |TAMS 0x000000008c400000, 0x000000008c400000| Untracked 
| 141|0x000000008c500000, 0x000000008c500000, 0x000000008c600000|  0%| F|  |TAMS 0x000000008c500000, 0x000000008c500000| Untracked 
| 142|0x000000008c600000, 0x000000008c600000, 0x000000008c700000|  0%| F|  |TAMS 0x000000008c600000, 0x000000008c600000| Untracked 
| 143|0x000000008c700000, 0x000000008c700000, 0x000000008c800000|  0%| F|  |TAMS 0x000000008c700000, 0x000000008c700000| Untracked 
| 144|0x000000008c800000, 0x000000008c800000, 0x000000008c900000|  0%| F|  |TAMS 0x000000008c800000, 0x000000008c800000| Untracked 
| 145|0x000000008c900000, 0x000000008c900000, 0x000000008ca00000|  0%| F|  |TAMS 0x000000008c900000, 0x000000008c900000| Untracked 
| 146|0x000000008ca00000, 0x000000008ca00000, 0x000000008cb00000|  0%| F|  |TAMS 0x000000008ca00000, 0x000000008ca00000| Untracked 
| 147|0x000000008cb00000, 0x000000008cb00000, 0x000000008cc00000|  0%| F|  |TAMS 0x000000008cb00000, 0x000000008cb00000| Untracked 
| 148|0x000000008cc00000, 0x000000008cc00000, 0x000000008cd00000|  0%| F|  |TAMS 0x000000008cc00000, 0x000000008cc00000| Untracked 
| 149|0x000000008cd00000, 0x000000008cd00000, 0x000000008ce00000|  0%| F|  |TAMS 0x000000008cd00000, 0x000000008cd00000| Untracked 
| 150|0x000000008ce00000, 0x000000008ce00000, 0x000000008cf00000|  0%| F|  |TAMS 0x000000008ce00000, 0x000000008ce00000| Untracked 
| 151|0x000000008cf00000, 0x000000008cf00000, 0x000000008d000000|  0%| F|  |TAMS 0x000000008cf00000, 0x000000008cf00000| Untracked 
| 152|0x000000008d000000, 0x000000008d000000, 0x000000008d100000|  0%| F|  |TAMS 0x000000008d000000, 0x000000008d000000| Untracked 
| 153|0x000000008d100000, 0x000000008d100000, 0x000000008d200000|  0%| F|  |TAMS 0x000000008d100000, 0x000000008d100000| Untracked 
| 154|0x000000008d200000, 0x000000008d200000, 0x000000008d300000|  0%| F|  |TAMS 0x000000008d200000, 0x000000008d200000| Untracked 
| 155|0x000000008d300000, 0x000000008d300000, 0x000000008d400000|  0%| F|  |TAMS 0x000000008d300000, 0x000000008d300000| Untracked 
| 156|0x000000008d400000, 0x000000008d400000, 0x000000008d500000|  0%| F|  |TAMS 0x000000008d400000, 0x000000008d400000| Untracked 
| 157|0x000000008d500000, 0x000000008d500000, 0x000000008d600000|  0%| F|  |TAMS 0x000000008d500000, 0x000000008d500000| Untracked 
| 158|0x000000008d600000, 0x000000008d600000, 0x000000008d700000|  0%| F|  |TAMS 0x000000008d600000, 0x000000008d600000| Untracked 
| 159|0x000000008d700000, 0x000000008d700000, 0x000000008d800000|  0%| F|  |TAMS 0x000000008d700000, 0x000000008d700000| Untracked 
| 160|0x000000008d800000, 0x000000008d800000, 0x000000008d900000|  0%| F|  |TAMS 0x000000008d800000, 0x000000008d800000| Untracked 
| 161|0x000000008d900000, 0x000000008d900000, 0x000000008da00000|  0%| F|  |TAMS 0x000000008d900000, 0x000000008d900000| Untracked 
| 162|0x000000008da00000, 0x000000008da00000, 0x000000008db00000|  0%| F|  |TAMS 0x000000008da00000, 0x000000008da00000| Untracked 
| 163|0x000000008db00000, 0x000000008db00000, 0x000000008dc00000|  0%| F|  |TAMS 0x000000008db00000, 0x000000008db00000| Untracked 
| 164|0x000000008dc00000, 0x000000008dc00000, 0x000000008dd00000|  0%| F|  |TAMS 0x000000008dc00000, 0x000000008dc00000| Untracked 
| 165|0x000000008dd00000, 0x000000008dd00000, 0x000000008de00000|  0%| F|  |TAMS 0x000000008dd00000, 0x000000008dd00000| Untracked 
| 166|0x000000008de00000, 0x000000008de00000, 0x000000008df00000|  0%| F|  |TAMS 0x000000008de00000, 0x000000008de00000| Untracked 
| 167|0x000000008df00000, 0x000000008df00000, 0x000000008e000000|  0%| F|  |TAMS 0x000000008df00000, 0x000000008df00000| Untracked 
| 168|0x000000008e000000, 0x000000008e000000, 0x000000008e100000|  0%| F|  |TAMS 0x000000008e000000, 0x000000008e000000| Untracked 
| 169|0x000000008e100000, 0x000000008e100000, 0x000000008e200000|  0%| F|  |TAMS 0x000000008e100000, 0x000000008e100000| Untracked 
| 170|0x000000008e200000, 0x000000008e200000, 0x000000008e300000|  0%| F|  |TAMS 0x000000008e200000, 0x000000008e200000| Untracked 
| 171|0x000000008e300000, 0x000000008e300000, 0x000000008e400000|  0%| F|  |TAMS 0x000000008e300000, 0x000000008e300000| Untracked 
| 172|0x000000008e400000, 0x000000008e400000, 0x000000008e500000|  0%| F|  |TAMS 0x000000008e400000, 0x000000008e400000| Untracked 
| 173|0x000000008e500000, 0x000000008e500000, 0x000000008e600000|  0%| F|  |TAMS 0x000000008e500000, 0x000000008e500000| Untracked 
| 174|0x000000008e600000, 0x000000008e600000, 0x000000008e700000|  0%| F|  |TAMS 0x000000008e600000, 0x000000008e600000| Untracked 
| 175|0x000000008e700000, 0x000000008e700000, 0x000000008e800000|  0%| F|  |TAMS 0x000000008e700000, 0x000000008e700000| Untracked 
| 176|0x000000008e800000, 0x000000008e800000, 0x000000008e900000|  0%| F|  |TAMS 0x000000008e800000, 0x000000008e800000| Untracked 
| 177|0x000000008e900000, 0x000000008e900000, 0x000000008ea00000|  0%| F|  |TAMS 0x000000008e900000, 0x000000008e900000| Untracked 
| 178|0x000000008ea00000, 0x000000008ea00000, 0x000000008eb00000|  0%| F|  |TAMS 0x000000008ea00000, 0x000000008ea00000| Untracked 
| 179|0x000000008eb00000, 0x000000008eb00000, 0x000000008ec00000|  0%| F|  |TAMS 0x000000008eb00000, 0x000000008eb00000| Untracked 
| 180|0x000000008ec00000, 0x000000008ec00000, 0x000000008ed00000|  0%| F|  |TAMS 0x000000008ec00000, 0x000000008ec00000| Untracked 
| 181|0x000000008ed00000, 0x000000008ed00000, 0x000000008ee00000|  0%| F|  |TAMS 0x000000008ed00000, 0x000000008ed00000| Untracked 
| 182|0x000000008ee00000, 0x000000008ee00000, 0x000000008ef00000|  0%| F|  |TAMS 0x000000008ee00000, 0x000000008ee00000| Untracked 
| 183|0x000000008ef00000, 0x000000008ef00000, 0x000000008f000000|  0%| F|  |TAMS 0x000000008ef00000, 0x000000008ef00000| Untracked 
| 184|0x000000008f000000, 0x000000008f000000, 0x000000008f100000|  0%| F|  |TAMS 0x000000008f000000, 0x000000008f000000| Untracked 
| 185|0x000000008f100000, 0x000000008f100000, 0x000000008f200000|  0%| F|  |TAMS 0x000000008f100000, 0x000000008f100000| Untracked 
| 186|0x000000008f200000, 0x000000008f200000, 0x000000008f300000|  0%| F|  |TAMS 0x000000008f200000, 0x000000008f200000| Untracked 
| 187|0x000000008f300000, 0x000000008f300000, 0x000000008f400000|  0%| F|  |TAMS 0x000000008f300000, 0x000000008f300000| Untracked 
| 188|0x000000008f400000, 0x000000008f400000, 0x000000008f500000|  0%| F|  |TAMS 0x000000008f400000, 0x000000008f400000| Untracked 
| 189|0x000000008f500000, 0x000000008f500000, 0x000000008f600000|  0%| F|  |TAMS 0x000000008f500000, 0x000000008f500000| Untracked 
| 190|0x000000008f600000, 0x000000008f600000, 0x000000008f700000|  0%| F|  |TAMS 0x000000008f600000, 0x000000008f600000| Untracked 
| 191|0x000000008f700000, 0x000000008f700000, 0x000000008f800000|  0%| F|  |TAMS 0x000000008f700000, 0x000000008f700000| Untracked 
| 192|0x000000008f800000, 0x000000008f800000, 0x000000008f900000|  0%| F|  |TAMS 0x000000008f800000, 0x000000008f800000| Untracked 
| 193|0x000000008f900000, 0x000000008f900000, 0x000000008fa00000|  0%| F|  |TAMS 0x000000008f900000, 0x000000008f900000| Untracked 
| 194|0x000000008fa00000, 0x000000008fa00000, 0x000000008fb00000|  0%| F|  |TAMS 0x000000008fa00000, 0x000000008fa00000| Untracked 
| 195|0x000000008fb00000, 0x000000008fb00000, 0x000000008fc00000|  0%| F|  |TAMS 0x000000008fb00000, 0x000000008fb00000| Untracked 
| 196|0x000000008fc00000, 0x000000008fc00000, 0x000000008fd00000|  0%| F|  |TAMS 0x000000008fc00000, 0x000000008fc00000| Untracked 
| 197|0x000000008fd00000, 0x000000008fd00000, 0x000000008fe00000|  0%| F|  |TAMS 0x000000008fd00000, 0x000000008fd00000| Untracked 
| 198|0x000000008fe00000, 0x000000008fe00000, 0x000000008ff00000|  0%| F|  |TAMS 0x000000008fe00000, 0x000000008fe00000| Untracked 
| 199|0x000000008ff00000, 0x000000008ff00000, 0x0000000090000000|  0%| F|  |TAMS 0x000000008ff00000, 0x000000008ff00000| Untracked 
| 200|0x0000000090000000, 0x0000000090000000, 0x0000000090100000|  0%| F|  |TAMS 0x0000000090000000, 0x0000000090000000| Untracked 
| 201|0x0000000090100000, 0x0000000090100000, 0x0000000090200000|  0%| F|  |TAMS 0x0000000090100000, 0x0000000090100000| Untracked 
| 202|0x0000000090200000, 0x0000000090200000, 0x0000000090300000|  0%| F|  |TAMS 0x0000000090200000, 0x0000000090200000| Untracked 
| 203|0x0000000090300000, 0x0000000090300000, 0x0000000090400000|  0%| F|  |TAMS 0x0000000090300000, 0x0000000090300000| Untracked 
| 204|0x0000000090400000, 0x0000000090400000, 0x0000000090500000|  0%| F|  |TAMS 0x0000000090400000, 0x0000000090400000| Untracked 
| 205|0x0000000090500000, 0x0000000090500000, 0x0000000090600000|  0%| F|  |TAMS 0x0000000090500000, 0x0000000090500000| Untracked 
| 206|0x0000000090600000, 0x0000000090600000, 0x0000000090700000|  0%| F|  |TAMS 0x0000000090600000, 0x0000000090600000| Untracked 
| 207|0x0000000090700000, 0x0000000090700000, 0x0000000090800000|  0%| F|  |TAMS 0x0000000090700000, 0x0000000090700000| Untracked 
| 208|0x0000000090800000, 0x0000000090800000, 0x0000000090900000|  0%| F|  |TAMS 0x0000000090800000, 0x0000000090800000| Untracked 
| 209|0x0000000090900000, 0x0000000090900000, 0x0000000090a00000|  0%| F|  |TAMS 0x0000000090900000, 0x0000000090900000| Untracked 
| 210|0x0000000090a00000, 0x0000000090a00000, 0x0000000090b00000|  0%| F|  |TAMS 0x0000000090a00000, 0x0000000090a00000| Untracked 
| 211|0x0000000090b00000, 0x0000000090b00000, 0x0000000090c00000|  0%| F|  |TAMS 0x0000000090b00000, 0x0000000090b00000| Untracked 
| 212|0x0000000090c00000, 0x0000000090c00000, 0x0000000090d00000|  0%| F|  |TAMS 0x0000000090c00000, 0x0000000090c00000| Untracked 
| 213|0x0000000090d00000, 0x0000000090d00000, 0x0000000090e00000|  0%| F|  |TAMS 0x0000000090d00000, 0x0000000090d00000| Untracked 
| 214|0x0000000090e00000, 0x0000000090e00000, 0x0000000090f00000|  0%| F|  |TAMS 0x0000000090e00000, 0x0000000090e00000| Untracked 
| 215|0x0000000090f00000, 0x0000000090f00000, 0x0000000091000000|  0%| F|  |TAMS 0x0000000090f00000, 0x0000000090f00000| Untracked 
| 216|0x0000000091000000, 0x0000000091000000, 0x0000000091100000|  0%| F|  |TAMS 0x0000000091000000, 0x0000000091000000| Untracked 
| 217|0x0000000091100000, 0x0000000091100000, 0x0000000091200000|  0%| F|  |TAMS 0x0000000091100000, 0x0000000091100000| Untracked 
| 218|0x0000000091200000, 0x0000000091200000, 0x0000000091300000|  0%| F|  |TAMS 0x0000000091200000, 0x0000000091200000| Untracked 
| 219|0x0000000091300000, 0x0000000091300000, 0x0000000091400000|  0%| F|  |TAMS 0x0000000091300000, 0x0000000091300000| Untracked 
| 220|0x0000000091400000, 0x0000000091400000, 0x0000000091500000|  0%| F|  |TAMS 0x0000000091400000, 0x0000000091400000| Untracked 
| 221|0x0000000091500000, 0x0000000091500000, 0x0000000091600000|  0%| F|  |TAMS 0x0000000091500000, 0x0000000091500000| Untracked 
| 222|0x0000000091600000, 0x0000000091600000, 0x0000000091700000|  0%| F|  |TAMS 0x0000000091600000, 0x0000000091600000| Untracked 
| 223|0x0000000091700000, 0x0000000091700000, 0x0000000091800000|  0%| F|  |TAMS 0x0000000091700000, 0x0000000091700000| Untracked 
| 224|0x0000000091800000, 0x0000000091800000, 0x0000000091900000|  0%| F|  |TAMS 0x0000000091800000, 0x0000000091800000| Untracked 
| 225|0x0000000091900000, 0x0000000091900000, 0x0000000091a00000|  0%| F|  |TAMS 0x0000000091900000, 0x0000000091900000| Untracked 
| 226|0x0000000091a00000, 0x0000000091a00000, 0x0000000091b00000|  0%| F|  |TAMS 0x0000000091a00000, 0x0000000091a00000| Untracked 
| 227|0x0000000091b00000, 0x0000000091b00000, 0x0000000091c00000|  0%| F|  |TAMS 0x0000000091b00000, 0x0000000091b00000| Untracked 
| 228|0x0000000091c00000, 0x0000000091c00000, 0x0000000091d00000|  0%| F|  |TAMS 0x0000000091c00000, 0x0000000091c00000| Untracked 
| 229|0x0000000091d00000, 0x0000000091d00000, 0x0000000091e00000|  0%| F|  |TAMS 0x0000000091d00000, 0x0000000091d00000| Untracked 
| 230|0x0000000091e00000, 0x0000000091e00000, 0x0000000091f00000|  0%| F|  |TAMS 0x0000000091e00000, 0x0000000091e00000| Untracked 
| 231|0x0000000091f00000, 0x0000000091f00000, 0x0000000092000000|  0%| F|  |TAMS 0x0000000091f00000, 0x0000000091f00000| Untracked 
| 232|0x0000000092000000, 0x0000000092000000, 0x0000000092100000|  0%| F|  |TAMS 0x0000000092000000, 0x0000000092000000| Untracked 
| 233|0x0000000092100000, 0x0000000092100000, 0x0000000092200000|  0%| F|  |TAMS 0x0000000092100000, 0x0000000092100000| Untracked 
| 234|0x0000000092200000, 0x0000000092200000, 0x0000000092300000|  0%| F|  |TAMS 0x0000000092200000, 0x0000000092200000| Untracked 
| 235|0x0000000092300000, 0x0000000092300000, 0x0000000092400000|  0%| F|  |TAMS 0x0000000092300000, 0x0000000092300000| Untracked 
| 236|0x0000000092400000, 0x0000000092400000, 0x0000000092500000|  0%| F|  |TAMS 0x0000000092400000, 0x0000000092400000| Untracked 
| 237|0x0000000092500000, 0x0000000092500000, 0x0000000092600000|  0%| F|  |TAMS 0x0000000092500000, 0x0000000092500000| Untracked 
| 238|0x0000000092600000, 0x0000000092600000, 0x0000000092700000|  0%| F|  |TAMS 0x0000000092600000, 0x0000000092600000| Untracked 
| 239|0x0000000092700000, 0x0000000092700000, 0x0000000092800000|  0%| F|  |TAMS 0x0000000092700000, 0x0000000092700000| Untracked 
| 240|0x0000000092800000, 0x0000000092800000, 0x0000000092900000|  0%| F|  |TAMS 0x0000000092800000, 0x0000000092800000| Untracked 
| 241|0x0000000092900000, 0x0000000092900000, 0x0000000092a00000|  0%| F|  |TAMS 0x0000000092900000, 0x0000000092900000| Untracked 
| 242|0x0000000092a00000, 0x0000000092a00000, 0x0000000092b00000|  0%| F|  |TAMS 0x0000000092a00000, 0x0000000092a00000| Untracked 
| 243|0x0000000092b00000, 0x0000000092c00000, 0x0000000092c00000|100%| E|  |TAMS 0x0000000092b00000, 0x0000000092b00000| Complete 
| 244|0x0000000092c00000, 0x0000000092d00000, 0x0000000092d00000|100%| E|CS|TAMS 0x0000000092c00000, 0x0000000092c00000| Complete 
| 245|0x0000000092d00000, 0x0000000092e00000, 0x0000000092e00000|100%| E|CS|TAMS 0x0000000092d00000, 0x0000000092d00000| Complete 
| 246|0x0000000092e00000, 0x0000000092f00000, 0x0000000092f00000|100%| E|CS|TAMS 0x0000000092e00000, 0x0000000092e00000| Complete 
| 247|0x0000000092f00000, 0x0000000093000000, 0x0000000093000000|100%| E|CS|TAMS 0x0000000092f00000, 0x0000000092f00000| Complete 
| 248|0x0000000093000000, 0x0000000093100000, 0x0000000093100000|100%| E|CS|TAMS 0x0000000093000000, 0x0000000093000000| Complete 
| 249|0x0000000093100000, 0x0000000093200000, 0x0000000093200000|100%| E|CS|TAMS 0x0000000093100000, 0x0000000093100000| Complete 
|1988|0x00000000ffc00000, 0x00000000ffd00000, 0x00000000ffd00000|100%| O|  |TAMS 0x00000000ffc00000, 0x00000000ffc00000| Untracked 
|1989|0x00000000ffd00000, 0x00000000ffe00000, 0x00000000ffe00000|100%| O|  |TAMS 0x00000000ffd00000, 0x00000000ffd00000| Untracked 
|1990|0x00000000ffe00000, 0x00000000fff00000, 0x00000000fff00000|100%| O|  |TAMS 0x00000000ffe00000, 0x00000000ffe00000| Untracked 
|1991|0x00000000fff00000, 0x0000000100000000, 0x0000000100000000|100%| O|  |TAMS 0x00000000fff00000, 0x00000000fff00000| Untracked 

Card table byte_map: [0x0000012330810000,0x0000012330c00000] _byte_map_base: 0x00000123303f4000

Marking Bits (Prev, Next): (CMBitMap*) 0x00000123191df940, (CMBitMap*) 0x00000123191df900
 Prev Bits: [0x0000012332f10000, 0x0000012334e30000)
 Next Bits: [0x0000012330ff0000, 0x0000012332f10000)

Polling page: 0x0000012317150000

Metaspace:

Usage:
  Non-class:     31.90 MB used.
      Class:      4.01 MB used.
       Both:     35.91 MB used.

Virtual space:
  Non-class space:       64.00 MB reserved,      32.12 MB ( 50%) committed,  1 nodes.
      Class space:        1.00 GB reserved,       4.25 MB ( <1%) committed,  1 nodes.
             Both:        1.06 GB reserved,      36.38 MB (  3%) committed. 

Chunk freelists:
   Non-Class:  3.44 MB
       Class:  3.57 MB
        Both:  7.00 MB

MaxMetaspaceSize: unlimited
CompressedClassSpaceSize: 1.00 GB
Initial GC threshold: 21.00 MB
Current GC threshold: 36.38 MB
CDS: on
MetaspaceReclaimPolicy: balanced
 - commit_granule_bytes: 65536.
 - commit_granule_words: 8192.
 - virtual_space_node_default_size: 8388608.
 - enlarge_chunks_in_place: 1.
 - new_chunks_are_fully_committed: 0.
 - uncommit_free_chunks: 1.
 - use_allocation_guard: 0.


Internal statistics:

num_allocs_failed_limit: 9.
num_arena_births: 560.
num_arena_deaths: 0.
num_vsnodes_births: 2.
num_vsnodes_deaths: 0.
num_space_committed: 581.
num_space_uncommitted: 0.
num_chunks_returned_to_freelist: 9.
num_chunks_taken_from_freelist: 1877.
num_chunk_merges: 9.
num_chunk_splits: 1325.
num_chunks_enlarged: 1020.
num_inconsistent_stats: 0.

CodeHeap 'non-profiled nmethods': size=120000Kb used=4248Kb max_used=4248Kb free=115751Kb
 bounds [0x0000012328bc0000, 0x0000012328ff0000, 0x00000123300f0000]
CodeHeap 'profiled nmethods': size=120000Kb used=16932Kb max_used=16932Kb free=103067Kb
 bounds [0x00000123210f0000, 0x0000012322180000, 0x0000012328620000]
CodeHeap 'non-nmethods': size=5760Kb used=1353Kb max_used=1386Kb free=4407Kb
 bounds [0x0000012328620000, 0x0000012328890000, 0x0000012328bc0000]
 total_blobs=8232 nmethods=7648 adapters=492
 compilation: enabled
              stopped_count=0, restarted_count=0
 full_count=0

Compilation events (20 events):
Event: 26.091 Thread 0x0000012337865fb0 nmethod 8501 0x000001232216ec90 code [0x000001232216ee20, 0x000001232216ef78]
Event: 26.092 Thread 0x0000012337865fb0 8502       2       com.sun.tools.javac.jvm.ClassReader$5::read (84 bytes)
Event: 26.094 Thread 0x0000012337865fb0 nmethod 8502 0x000001232216f010 code [0x000001232216f220, 0x000001232216f7e8]
Event: 26.094 Thread 0x0000012337865fb0 8503       2       com.sun.tools.javac.code.Attribute$Enum::<init> (17 bytes)
Event: 26.095 Thread 0x0000012337865fb0 nmethod 8503 0x000001232216fc90 code [0x000001232216fe40, 0x00000123221700c8]
Event: 26.097 Thread 0x0000012337865fb0 8504       2       com.sun.tools.javac.code.Scope$ScopeImpl$$Lambda$339/0x000000080130bb38::test (12 bytes)
Event: 26.097 Thread 0x0000012337865fb0 nmethod 8504 0x0000012322170210 code [0x00000123221703a0, 0x00000123221704f8]
Event: 26.097 Thread 0x0000012337865fb0 8505       2       com.sun.tools.javac.code.Scope$ScopeImpl::lambda$remove$0 (11 bytes)
Event: 26.097 Thread 0x0000012337865fb0 nmethod 8505 0x0000012322170590 code [0x0000012322170720, 0x0000012322170818]
Event: 26.097 Thread 0x0000012337865fb0 8506       2       com.sun.tools.javac.jvm.ClassReader$15::read (9 bytes)
Event: 26.098 Thread 0x0000012337865fb0 nmethod 8506 0x0000012322170890 code [0x0000012322170a40, 0x0000012322170b98]
Event: 26.114 Thread 0x0000012337865fb0 8508       2       java.lang.invoke.MethodHandles$Lookup::getDirectMethod (18 bytes)
Event: 26.114 Thread 0x0000012337865fb0 nmethod 8508 0x0000012322170c90 code [0x0000012322170e40, 0x0000012322170f68]
Event: 26.114 Thread 0x0000012337865fb0 8509       2       java.lang.invoke.LambdaForm$NamedFunction::<init> (15 bytes)
Event: 26.115 Thread 0x0000012337865fb0 nmethod 8509 0x0000012322171010 code [0x00000123221711a0, 0x0000012322171358]
Event: 26.116 Thread 0x0000012337865fb0 8511       2       jdk.internal.org.objectweb.asm.ClassWriter::visitSource (39 bytes)
Event: 26.116 Thread 0x0000012337865fb0 nmethod 8511 0x0000012322171410 code [0x00000123221715e0, 0x0000012322171918]
Event: 26.117 Thread 0x0000012337865fb0 8513       2       java.lang.invoke.InvokerBytecodeGenerator::<init> (12 bytes)
Event: 26.117 Thread 0x0000012337865fb0 nmethod 8513 0x0000012322171a90 code [0x0000012322171c40, 0x0000012322171db8]
Event: 26.117 Thread 0x0000012337865fb0 8514   !   2       java.lang.invoke.LambdaForm::lambdaName (49 bytes)

GC Heap History (20 events):
Event: 2.310 GC heap before
{Heap before GC invocations=0 (full 0):
 garbage-first heap   total 129024K, used 22528K [0x0000000083800000, 0x0000000100000000)
  region size 1024K, 23 young (23552K), 0 survivors (0K)
 Metaspace       used 6294K, committed 6464K, reserved 1114112K
  class space    used 691K, committed 768K, reserved 1048576K
}
Event: 2.323 GC heap after
{Heap after GC invocations=1 (full 0):
 garbage-first heap   total 129024K, used 4352K [0x0000000083800000, 0x0000000100000000)
  region size 1024K, 3 young (3072K), 3 survivors (3072K)
 Metaspace       used 6294K, committed 6464K, reserved 1114112K
  class space    used 691K, committed 768K, reserved 1048576K
}
Event: 4.138 GC heap before
{Heap before GC invocations=1 (full 0):
 garbage-first heap   total 129024K, used 34048K [0x0000000083800000, 0x0000000100000000)
  region size 1024K, 32 young (32768K), 3 survivors (3072K)
 Metaspace       used 9989K, committed 10240K, reserved 1114112K
  class space    used 1140K, committed 1280K, reserved 1048576K
}
Event: 4.165 GC heap after
{Heap after GC invocations=2 (full 0):
 garbage-first heap   total 129024K, used 5942K [0x0000000083800000, 0x0000000100000000)
  region size 1024K, 2 young (2048K), 2 survivors (2048K)
 Metaspace       used 9989K, committed 10240K, reserved 1114112K
  class space    used 1140K, committed 1280K, reserved 1048576K
}
Event: 8.720 GC heap before
{Heap before GC invocations=2 (full 0):
 garbage-first heap   total 129024K, used 80694K [0x0000000083800000, 0x0000000100000000)
  region size 1024K, 75 young (76800K), 2 survivors (2048K)
 Metaspace       used 16627K, committed 16896K, reserved 1114112K
  class space    used 1860K, committed 1984K, reserved 1048576K
}
Event: 8.748 GC heap after
{Heap after GC invocations=3 (full 0):
 garbage-first heap   total 129024K, used 13472K [0x0000000083800000, 0x0000000100000000)
  region size 1024K, 9 young (9216K), 9 survivors (9216K)
 Metaspace       used 16627K, committed 16896K, reserved 1114112K
  class space    used 1860K, committed 1984K, reserved 1048576K
}
Event: 11.335 GC heap before
{Heap before GC invocations=3 (full 0):
 garbage-first heap   total 129024K, used 81056K [0x0000000083800000, 0x0000000100000000)
  region size 1024K, 75 young (76800K), 9 survivors (9216K)
 Metaspace       used 17282K, committed 17600K, reserved 1114112K
  class space    used 1873K, committed 1984K, reserved 1048576K
}
Event: 11.374 GC heap after
{Heap after GC invocations=4 (full 0):
 garbage-first heap   total 129024K, used 22055K [0x0000000083800000, 0x0000000100000000)
  region size 1024K, 9 young (9216K), 9 survivors (9216K)
 Metaspace       used 17282K, committed 17600K, reserved 1114112K
  class space    used 1873K, committed 1984K, reserved 1048576K
}
Event: 18.089 GC heap before
{Heap before GC invocations=4 (full 0):
 garbage-first heap   total 129024K, used 88615K [0x0000000083800000, 0x0000000100000000)
  region size 1024K, 73 young (74752K), 9 survivors (9216K)
 Metaspace       used 20941K, committed 21248K, reserved 1114112K
  class space    used 2240K, committed 2368K, reserved 1048576K
}
Event: 18.113 GC heap after
{Heap after GC invocations=5 (full 0):
 garbage-first heap   total 129024K, used 27590K [0x0000000083800000, 0x0000000100000000)
  region size 1024K, 6 young (6144K), 6 survivors (6144K)
 Metaspace       used 20941K, committed 21248K, reserved 1114112K
  class space    used 2240K, committed 2368K, reserved 1048576K
}
Event: 18.391 GC heap before
{Heap before GC invocations=5 (full 0):
 garbage-first heap   total 129024K, used 33734K [0x0000000083800000, 0x0000000100000000)
  region size 1024K, 12 young (12288K), 6 survivors (6144K)
 Metaspace       used 21225K, committed 21504K, reserved 1114112K
  class space    used 2271K, committed 2432K, reserved 1048576K
}
Event: 18.400 GC heap after
{Heap after GC invocations=6 (full 0):
 garbage-first heap   total 129024K, used 27648K [0x0000000083800000, 0x0000000100000000)
  region size 1024K, 1 young (1024K), 1 survivors (1024K)
 Metaspace       used 21225K, committed 21504K, reserved 1114112K
  class space    used 2271K, committed 2432K, reserved 1048576K
}
Event: 20.813 GC heap before
{Heap before GC invocations=7 (full 0):
 garbage-first heap   total 96256K, used 84992K [0x0000000083800000, 0x0000000100000000)
  region size 1024K, 56 young (57344K), 1 survivors (1024K)
 Metaspace       used 27203K, committed 27520K, reserved 1114112K
  class space    used 2954K, committed 3072K, reserved 1048576K
}
Event: 20.848 GC heap after
{Heap after GC invocations=8 (full 0):
 garbage-first heap   total 100352K, used 42973K [0x0000000083800000, 0x0000000100000000)
  region size 1024K, 7 young (7168K), 7 survivors (7168K)
 Metaspace       used 27203K, committed 27520K, reserved 1114112K
  class space    used 2954K, committed 3072K, reserved 1048576K
}
Event: 20.851 GC heap before
{Heap before GC invocations=8 (full 0):
 garbage-first heap   total 100352K, used 43997K [0x0000000083800000, 0x0000000100000000)
  region size 1024K, 8 young (8192K), 7 survivors (7168K)
 Metaspace       used 27205K, committed 27520K, reserved 1114112K
  class space    used 2954K, committed 3072K, reserved 1048576K
}
Event: 20.866 GC heap after
{Heap after GC invocations=9 (full 0):
 garbage-first heap   total 100352K, used 43926K [0x0000000083800000, 0x0000000100000000)
  region size 1024K, 1 young (1024K), 1 survivors (1024K)
 Metaspace       used 27205K, committed 27520K, reserved 1114112K
  class space    used 2954K, committed 3072K, reserved 1048576K
}
Event: 22.371 GC heap before
{Heap before GC invocations=9 (full 0):
 garbage-first heap   total 100352K, used 75670K [0x0000000083800000, 0x0000000100000000)
  region size 1024K, 32 young (32768K), 1 survivors (1024K)
 Metaspace       used 28922K, committed 29248K, reserved 1114112K
  class space    used 3143K, committed 3264K, reserved 1048576K
}
Event: 22.386 GC heap after
{Heap after GC invocations=10 (full 0):
 garbage-first heap   total 260096K, used 47718K [0x0000000083800000, 0x0000000100000000)
  region size 1024K, 4 young (4096K), 4 survivors (4096K)
 Metaspace       used 28922K, committed 29248K, reserved 1114112K
  class space    used 3143K, committed 3264K, reserved 1048576K
}
Event: 25.836 GC heap before
{Heap before GC invocations=10 (full 0):
 garbage-first heap   total 260096K, used 168550K [0x0000000083800000, 0x0000000100000000)
  region size 1024K, 123 young (125952K), 4 survivors (4096K)
 Metaspace       used 35632K, committed 36096K, reserved 1114112K
  class space    used 3935K, committed 4160K, reserved 1048576K
}
Event: 25.849 GC heap after
{Heap after GC invocations=11 (full 0):
 garbage-first heap   total 260096K, used 52605K [0x0000000083800000, 0x0000000100000000)
  region size 1024K, 9 young (9216K), 9 survivors (9216K)
 Metaspace       used 35632K, committed 36096K, reserved 1114112K
  class space    used 3935K, committed 4160K, reserved 1048576K
}

Dll operation events (12 events):
Event: 0.029 Loaded shared library C:\Program Files\Java\jdk-19\bin\java.dll
Event: 0.052 Loaded shared library C:\Program Files\Java\jdk-19\bin\jsvml.dll
Event: 0.202 Loaded shared library C:\Program Files\Java\jdk-19\bin\zip.dll
Event: 0.214 Loaded shared library C:\Program Files\Java\jdk-19\bin\instrument.dll
Event: 0.230 Loaded shared library C:\Program Files\Java\jdk-19\bin\net.dll
Event: 0.235 Loaded shared library C:\Program Files\Java\jdk-19\bin\nio.dll
Event: 0.247 Loaded shared library C:\Program Files\Java\jdk-19\bin\zip.dll
Event: 0.286 Loaded shared library C:\Program Files\JetBrains\IntelliJ IDEA Community Edition 2022.3.2\bin\breakgen64.dll
Event: 0.307 Loaded shared library C:\Program Files\Java\jdk-19\bin\extnet.dll
Event: 0.746 Loaded shared library C:\Program Files\Java\jdk-19\bin\jimage.dll
Event: 1.300 Loaded shared library C:\Users\Guth MOELLE\AppData\Local\Temp\jansi-2.4.0-d56779162565d0fa-jansi.dll
Event: 1.333 Loaded shared library C:\Program Files\Java\jdk-19\bin\verify.dll

Deoptimization events (20 events):
Event: 26.022 Thread 0x00000123191801c0 Uncommon trap: trap_request=0xffffffde fr.pc=0x0000012328f6d778 relative=0x0000000000000b98
Event: 26.022 Thread 0x00000123191801c0 Uncommon trap: reason=class_check action=maybe_recompile pc=0x0000012328f6d778 method=java.util.HashMap.removeNode(ILjava/lang/Object;Ljava/lang/Object;ZZ)Ljava/util/HashMap$Node; @ 68 c2
Event: 26.022 Thread 0x00000123191801c0 DEOPT PACKING pc=0x0000012328f6d778 sp=0x0000000ac0efc160
Event: 26.022 Thread 0x00000123191801c0 DEOPT UNPACKING pc=0x0000012328686da3 sp=0x0000000ac0efc088 mode 2
Event: 26.054 Thread 0x00000123191801c0 Uncommon trap: trap_request=0xffffffc6 fr.pc=0x0000012328d7ba34 relative=0x0000000000000434
Event: 26.054 Thread 0x00000123191801c0 Uncommon trap: reason=bimorphic_or_optimized_type_check action=maybe_recompile pc=0x0000012328d7ba34 method=java.util.HashMap.putVal(ILjava/lang/Object;Ljava/lang/Object;ZZ)Ljava/lang/Object; @ 253 c2
Event: 26.054 Thread 0x00000123191801c0 DEOPT PACKING pc=0x0000012328d7ba34 sp=0x0000000ac0efdb90
Event: 26.054 Thread 0x00000123191801c0 DEOPT UNPACKING pc=0x0000012328686da3 sp=0x0000000ac0efdb10 mode 2
Event: 26.058 Thread 0x00000123191801c0 Uncommon trap: trap_request=0xffffffc6 fr.pc=0x0000012328d7ba34 relative=0x0000000000000434
Event: 26.058 Thread 0x00000123191801c0 Uncommon trap: reason=bimorphic_or_optimized_type_check action=maybe_recompile pc=0x0000012328d7ba34 method=java.util.HashMap.putVal(ILjava/lang/Object;Ljava/lang/Object;ZZ)Ljava/lang/Object; @ 253 c2
Event: 26.058 Thread 0x00000123191801c0 DEOPT PACKING pc=0x0000012328d7ba34 sp=0x0000000ac0efdb80
Event: 26.058 Thread 0x00000123191801c0 DEOPT UNPACKING pc=0x0000012328686da3 sp=0x0000000ac0efdb00 mode 2
Event: 26.078 Thread 0x00000123191801c0 Uncommon trap: trap_request=0xffffffc6 fr.pc=0x0000012328f7bd34 relative=0x0000000000000d34
Event: 26.078 Thread 0x00000123191801c0 Uncommon trap: reason=bimorphic_or_optimized_type_check action=maybe_recompile pc=0x0000012328f7bd34 method=java.util.Spliterators$IteratorSpliterator.tryAdvance(Ljava/util/function/Consumer;)Z @ 63 c2
Event: 26.078 Thread 0x00000123191801c0 DEOPT PACKING pc=0x0000012328f7bd34 sp=0x0000000ac0efc420
Event: 26.078 Thread 0x00000123191801c0 DEOPT UNPACKING pc=0x0000012328686da3 sp=0x0000000ac0efc220 mode 2
Event: 26.083 Thread 0x00000123191801c0 Uncommon trap: trap_request=0xffffffc6 fr.pc=0x0000012328f7be04 relative=0x0000000000000e04
Event: 26.083 Thread 0x00000123191801c0 Uncommon trap: reason=bimorphic_or_optimized_type_check action=maybe_recompile pc=0x0000012328f7be04 method=java.util.stream.ReferencePipeline.forEachWithCancel(Ljava/util/Spliterator;Ljava/util/stream/Sink;)Z @ 13 c2
Event: 26.083 Thread 0x00000123191801c0 DEOPT PACKING pc=0x0000012328f7be04 sp=0x0000000ac0efbd70
Event: 26.083 Thread 0x00000123191801c0 DEOPT UNPACKING pc=0x0000012328686da3 sp=0x0000000ac0efbbf0 mode 2

Classes loaded (20 events):
Event: 25.949 Loading class java/util/EnumMap$EnumMapIterator done
Event: 25.949 Loading class java/util/EnumMap$EntryIterator done
Event: 25.949 Loading class java/util/EnumMap$EntryIterator$Entry
Event: 25.949 Loading class java/util/EnumMap$EntryIterator$Entry done
Event: 26.002 Loading class java/util/stream/ReduceOps$2
Event: 26.002 Loading class java/util/stream/ReduceOps$2 done
Event: 26.002 Loading class java/util/stream/ReduceOps$2ReducingSink
Event: 26.003 Loading class java/util/stream/ReduceOps$2ReducingSink done
Event: 26.100 Loading class java/lang/runtime/ObjectMethods
Event: 26.101 Loading class java/lang/runtime/ObjectMethods done
Event: 26.104 Loading class java/lang/invoke/MethodHandleImpl$Makers
Event: 26.105 Loading class java/lang/invoke/MethodHandleImpl$Makers done
Event: 26.105 Loading class java/lang/invoke/MethodHandleImpl$Makers$1
Event: 26.105 Loading class java/lang/invoke/MethodHandleImpl$Makers$1 done
Event: 26.105 Loading class java/lang/invoke/MethodHandleImpl$Makers$2
Event: 26.105 Loading class java/lang/invoke/MethodHandleImpl$Makers$2 done
Event: 26.105 Loading class java/lang/invoke/MethodHandleImpl$Makers$3
Event: 26.105 Loading class java/lang/invoke/MethodHandleImpl$Makers$3 done
Event: 26.114 Loading class java/lang/runtime/ObjectMethods$1
Event: 26.114 Loading class java/lang/runtime/ObjectMethods$1 done

Classes unloaded (0 events):
No events

Classes redefined (0 events):
No events

Internal exceptions (20 events):
Event: 25.829 Thread 0x00000123191801c0 Exception <a 'sun/nio/fs/WindowsException'{0x000000008bbc0a08}> (0x000000008bbc0a08) 
thrown [s\open\src\hotspot\share\prims\jni.cpp, line 517]
Event: 25.930 Thread 0x00000123191801c0 Exception <a 'java/lang/NoSuchMethodError'{0x0000000092f7cfb8}: 'int java.lang.invoke.DirectMethodHandle$Holder.invokeVirtual(java.lang.Object, java.lang.Object, java.lang.Object, java.lang.Object)'> (0x0000000092f7cfb8) 
thrown [s\open\src\hotspot\share\interpreter\linkResolver.cpp, line 774]
Event: 25.933 Thread 0x00000123191801c0 Exception <a 'java/lang/NoSuchMethodError'{0x0000000092f88400}: 'java.lang.Object java.lang.invoke.DirectMethodHandle$Holder.newInvokeSpecial(java.lang.Object, java.lang.Object, int, java.lang.Object)'> (0x0000000092f88400) 
thrown [s\open\src\hotspot\share\interpreter\linkResolver.cpp, line 774]
Event: 25.957 Thread 0x00000123191801c0 Exception <a 'sun/nio/fs/WindowsException'{0x0000000092fbb8a8}> (0x0000000092fbb8a8) 
thrown [s\open\src\hotspot\share\prims\jni.cpp, line 517]
Event: 25.957 Thread 0x00000123191801c0 Exception <a 'sun/nio/fs/WindowsException'{0x0000000092fbbd88}> (0x0000000092fbbd88) 
thrown [s\open\src\hotspot\share\prims\jni.cpp, line 517]
Event: 25.958 Thread 0x00000123191801c0 Exception <a 'sun/nio/fs/WindowsException'{0x0000000092fd1bc8}> (0x0000000092fd1bc8) 
thrown [s\open\src\hotspot\share\prims\jni.cpp, line 517]
Event: 25.958 Thread 0x00000123191801c0 Exception <a 'sun/nio/fs/WindowsException'{0x0000000092fd2068}> (0x0000000092fd2068) 
thrown [s\open\src\hotspot\share\prims\jni.cpp, line 517]
Event: 25.960 Thread 0x00000123191801c0 Exception <a 'sun/nio/fs/WindowsException'{0x0000000092e05008}> (0x0000000092e05008) 
thrown [s\open\src\hotspot\share\prims\jni.cpp, line 517]
Event: 25.960 Thread 0x00000123191801c0 Exception <a 'sun/nio/fs/WindowsException'{0x0000000092e054e8}> (0x0000000092e054e8) 
thrown [s\open\src\hotspot\share\prims\jni.cpp, line 517]
Event: 25.960 Thread 0x00000123191801c0 Exception <a 'sun/nio/fs/WindowsException'{0x0000000092e07108}> (0x0000000092e07108) 
thrown [s\open\src\hotspot\share\prims\jni.cpp, line 517]
Event: 25.960 Thread 0x00000123191801c0 Exception <a 'sun/nio/fs/WindowsException'{0x0000000092e07678}> (0x0000000092e07678) 
thrown [s\open\src\hotspot\share\prims\jni.cpp, line 517]
Event: 25.999 Thread 0x00000123191801c0 Exception <a 'java/lang/NoSuchMethodError'{0x0000000092eb7388}: 'java.lang.Object java.lang.invoke.DirectMethodHandle$Holder.newInvokeSpecial(java.lang.Object, java.lang.Object, java.lang.Object, java.lang.Object, java.lang.Object, java.lang.Object, java.lang.Object, java.lang.Object)'> (0x0000000092eb7388) 
thrown [s\open\src\hotspot\share\interpreter\linkResolver.cpp, line 774]
Event: 26.025 Thread 0x00000123191801c0 Exception <a 'java/lang/NoSuchMethodError'{0x0000000092d2a100}: 'java.lang.Object java.lang.invoke.DirectMethodHandle$Holder.newInvokeSpecial(java.lang.Object, java.lang.Object, java.lang.Object, java.lang.Object, java.lang.Object, java.lang.Object, java.lang.Object, int)'> (0x0000000092d2a100) 
thrown [s\open\src\hotspot\share\interpreter\linkResolver.cpp, line 774]
Event: 26.026 Thread 0x00000123191801c0 Exception <a 'java/lang/NoSuchMethodError'{0x0000000092d2f9c8}: 'java.lang.Object java.lang.invoke.DirectMethodHandle$Holder.invokeSpecial(java.lang.Object, java.lang.Object, java.lang.Object, java.lang.Object, java.lang.Object, java.lang.Object, java.lang.Object, java.lang.Object, int)'> (0x0000000092d2f9c8) 
thrown [s\open\src\hotspot\share\interpreter\linkResolver.cpp, line 774]
Event: 26.102 Thread 0x00000123191801c0 Exception <a 'java/lang/NoSuchMethodError'{0x0000000092c223f0}: 'java.lang.Object java.lang.invoke.DirectMethodHandle$Holder.invokeStaticInit(java.lang.Object, java.lang.Object, java.lang.Object, java.lang.Object, java.lang.Object, java.lang.Object, java.lang.Object)'> (0x0000000092c223f0) 
thrown [s\open\src\hotspot\share\interpreter\linkResolver.cpp, line 774]
Event: 26.104 Thread 0x00000123191801c0 Exception <a 'java/lang/NoSuchMethodError'{0x0000000092c28540}: 'java.lang.Object java.lang.invoke.Invokers$Holder.invoke_MT(java.lang.Object, java.lang.Object, java.lang.Object, java.lang.Object, java.lang.Object, java.lang.Object, java.lang.Object, java.lang.Object, java.lang.Object, java.lang.Object)'> (0x0000000092c28540) 
thrown [s\open\src\hotspot\share\interpreter\linkResolver.cpp, line 774]
Event: 26.114 Thread 0x00000123191801c0 Exception <a 'java/lang/NoSuchMethodError'{0x0000000092c507e8}: 'int java.lang.invoke.DirectMethodHandle$Holder.invokeStaticInit(java.lang.Object, java.lang.Object, java.lang.Object)'> (0x0000000092c507e8) 
thrown [s\open\src\hotspot\share\interpreter\linkResolver.cpp, line 774]
Event: 26.115 Thread 0x00000123191801c0 Exception <a 'java/lang/NoSuchMethodError'{0x0000000092c54690}: 'int java.lang.invoke.DirectMethodHandle$Holder.invokeStaticInit(java.lang.Object, int, int)'> (0x0000000092c54690) 
thrown [s\open\src\hotspot\share\interpreter\linkResolver.cpp, line 774]
Event: 26.116 Thread 0x00000123191801c0 Exception <a 'java/lang/NoSuchMethodError'{0x0000000092c5c408}: 'int java.lang.invoke.DirectMethodHandle$Holder.invokeStaticInit(java.lang.Object, long, long)'> (0x0000000092c5c408) 
thrown [s\open\src\hotspot\share\interpreter\linkResolver.cpp, line 774]
Event: 26.117 Thread 0x00000123191801c0 Exception <a 'java/lang/NoSuchMethodError'{0x0000000092c637d0}: 'int java.lang.invoke.DirectMethodHandle$Holder.invokeStaticInit(java.lang.Object, float, float)'> (0x0000000092c637d0) 
thrown [s\open\src\hotspot\share\interpreter\linkResolver.cpp, line 774]

VM Operations (20 events):
Event: 25.723 Executing VM operation: ICBufferFull
Event: 25.724 Executing VM operation: ICBufferFull done
Event: 25.835 Executing VM operation: G1CollectForAllocation
Event: 25.849 Executing VM operation: G1CollectForAllocation done
Event: 25.905 Executing VM operation: HandshakeAllThreads
Event: 25.905 Executing VM operation: HandshakeAllThreads done
Event: 25.921 Executing VM operation: HandshakeAllThreads
Event: 25.921 Executing VM operation: HandshakeAllThreads done
Event: 25.968 Executing VM operation: HandshakeAllThreads
Event: 25.969 Executing VM operation: HandshakeAllThreads done
Event: 25.978 Executing VM operation: HandshakeAllThreads
Event: 25.979 Executing VM operation: HandshakeAllThreads done
Event: 25.980 Executing VM operation: HandshakeAllThreads
Event: 25.980 Executing VM operation: HandshakeAllThreads done
Event: 25.988 Executing VM operation: HandshakeAllThreads
Event: 25.988 Executing VM operation: HandshakeAllThreads done
Event: 26.077 Executing VM operation: ICBufferFull
Event: 26.077 Executing VM operation: ICBufferFull done
Event: 26.085 Executing VM operation: HandshakeAllThreads
Event: 26.086 Executing VM operation: HandshakeAllThreads done

Events (20 events):
Event: 17.993 Thread 0x0000012337873110 flushing nmethod 0x0000012321ad0110
Event: 17.993 Thread 0x0000012337873110 flushing nmethod 0x0000012321ad1410
Event: 17.993 Thread 0x0000012337873110 flushing nmethod 0x0000012321ad1a90
Event: 17.993 Thread 0x0000012337873110 flushing nmethod 0x0000012321ad5790
Event: 17.993 Thread 0x0000012337873110 flushing nmethod 0x0000012321ad6e90
Event: 17.993 Thread 0x0000012337873110 flushing nmethod 0x0000012321ad7c10
Event: 17.993 Thread 0x0000012337873110 flushing nmethod 0x0000012321ad8f90
Event: 17.993 Thread 0x0000012337873110 flushing nmethod 0x0000012321ad9b90
Event: 17.993 Thread 0x0000012337873110 flushing nmethod 0x0000012321ae7690
Event: 17.993 Thread 0x0000012337873110 flushing nmethod 0x0000012321ae9e10
Event: 17.993 Thread 0x0000012337873110 flushing nmethod 0x0000012321b1c010
Event: 17.993 Thread 0x0000012337873110 flushing nmethod 0x0000012321b32c90
Event: 17.994 Thread 0x0000012337873110 flushing nmethod 0x0000012321c19f90
Event: 17.995 Thread 0x0000012337873110 flushing nmethod 0x0000012321c71510
Event: 18.157 Thread 0x000001233c2405d0 Thread added: 0x000001233c2405d0
Event: 19.391 Thread 0x000001233d7f7760 Thread added: 0x000001233d7f7760
Event: 21.887 Thread 0x000001233d7f7760 Thread exited: 0x000001233d7f7760
Event: 22.215 Thread 0x000001233c2405d0 Thread exited: 0x000001233c2405d0
Event: 23.358 Thread 0x000001233dc67900 Thread added: 0x000001233dc67900
Event: 24.088 Thread 0x0000012337873110 flushing nmethod 0x0000012321224710


Dynamic libraries:
0x00007ff6684f0000 - 0x00007ff668500000 	C:\Program Files\Java\jdk-19\bin\java.exe
0x00007ffe27b30000 - 0x00007ffe27d28000 	C:\windows\SYSTEM32\ntdll.dll
0x00007ffe26820000 - 0x00007ffe268dd000 	C:\windows\System32\KERNEL32.DLL
0x00007ffe255a0000 - 0x00007ffe25896000 	C:\windows\System32\KERNELBASE.dll
0x00007ffe25960000 - 0x00007ffe25a60000 	C:\windows\System32\ucrtbase.dll
0x00007ffe0e8c0000 - 0x00007ffe0e8d8000 	C:\Program Files\Java\jdk-19\bin\jli.dll
0x00007ffe16830000 - 0x00007ffe1684b000 	C:\Program Files\Java\jdk-19\bin\VCRUNTIME140.dll
0x00007ffe26af0000 - 0x00007ffe26b9f000 	C:\windows\System32\ADVAPI32.dll
0x00007ffe26c30000 - 0x00007ffe26cce000 	C:\windows\System32\msvcrt.dll
0x00007ffe27030000 - 0x00007ffe270cc000 	C:\windows\System32\sechost.dll
0x00007ffe25da0000 - 0x00007ffe25ec6000 	C:\windows\System32\RPCRT4.dll
0x00007ffe25ed0000 - 0x00007ffe2606e000 	C:\windows\System32\USER32.dll
0x00007ffe0f390000 - 0x00007ffe0f62a000 	C:\windows\WinSxS\amd64_microsoft.windows.common-controls_6595b64144ccf1df_6.0.19041.3636_none_60b6a03d71f818d5\COMCTL32.dll
0x00007ffe27a60000 - 0x00007ffe27a8c000 	C:\windows\System32\GDI32.dll
0x00007ffe25a60000 - 0x00007ffe25a82000 	C:\windows\System32\win32u.dll
0x00007ffe253e0000 - 0x00007ffe254fa000 	C:\windows\System32\gdi32full.dll
0x00007ffe25500000 - 0x00007ffe2559d000 	C:\windows\System32\msvcp_win.dll
0x00007ffe16f80000 - 0x00007ffe16f8a000 	C:\windows\SYSTEM32\VERSION.dll
0x00007ffe27160000 - 0x00007ffe27190000 	C:\windows\System32\IMM32.DLL
0x00007ffe20780000 - 0x00007ffe2078c000 	C:\Program Files\Java\jdk-19\bin\vcruntime140_1.dll
0x00007ffdeb380000 - 0x00007ffdeb40e000 	C:\Program Files\Java\jdk-19\bin\msvcp140.dll
0x00007ffdb7570000 - 0x00007ffdb8230000 	C:\Program Files\Java\jdk-19\bin\server\jvm.dll
0x00007ffe0f2c0000 - 0x00007ffe0f2c9000 	C:\windows\SYSTEM32\WSOCK32.dll
0x00007ffe0e930000 - 0x00007ffe0e957000 	C:\windows\SYSTEM32\WINMM.dll
0x00007ffe26a80000 - 0x00007ffe26aeb000 	C:\windows\System32\WS2_32.dll
0x00007ffe23a20000 - 0x00007ffe23a32000 	C:\windows\SYSTEM32\kernel.appcore.dll
0x00007ffe14ed0000 - 0x00007ffe14eda000 	C:\Program Files\Java\jdk-19\bin\jimage.dll
0x00007ffe236b0000 - 0x00007ffe23894000 	C:\windows\SYSTEM32\DBGHELP.DLL
0x00007ffe0da10000 - 0x00007ffe0da44000 	C:\windows\SYSTEM32\dbgcore.DLL
0x00007ffe258d0000 - 0x00007ffe25952000 	C:\windows\System32\bcryptPrimitives.dll
0x00007ffe206e0000 - 0x00007ffe206ee000 	C:\Program Files\Java\jdk-19\bin\instrument.dll
0x00007ffdffdb0000 - 0x00007ffdffdd6000 	C:\Program Files\Java\jdk-19\bin\java.dll
0x00007ffdeabf0000 - 0x00007ffdeacc7000 	C:\Program Files\Java\jdk-19\bin\jsvml.dll
0x00007ffe27310000 - 0x00007ffe27a54000 	C:\windows\System32\SHELL32.dll
0x00007ffe22df0000 - 0x00007ffe2358b000 	C:\windows\SYSTEM32\windows.storage.dll
0x00007ffe26cd0000 - 0x00007ffe27024000 	C:\windows\System32\combase.dll
0x00007ffe24aa0000 - 0x00007ffe24acd000 	C:\windows\SYSTEM32\Wldp.dll
0x00007ffe268f0000 - 0x00007ffe2699d000 	C:\windows\System32\SHCORE.dll
0x00007ffe25d40000 - 0x00007ffe25d95000 	C:\windows\System32\shlwapi.dll
0x00007ffe25140000 - 0x00007ffe25165000 	C:\windows\SYSTEM32\profapi.dll
0x00007ffdffd90000 - 0x00007ffdffda8000 	C:\Program Files\Java\jdk-19\bin\zip.dll
0x00007ffe0d830000 - 0x00007ffe0d843000 	C:\Program Files\Java\jdk-19\bin\net.dll
0x00007ffe1ed10000 - 0x00007ffe1ee1a000 	C:\windows\SYSTEM32\WINHTTP.dll
0x00007ffe24880000 - 0x00007ffe248ea000 	C:\windows\system32\mswsock.dll
0x00007ffe016f0000 - 0x00007ffe01706000 	C:\Program Files\Java\jdk-19\bin\nio.dll
0x00007ffe170c0000 - 0x00007ffe170da000 	C:\Program Files\JetBrains\IntelliJ IDEA Community Edition 2022.3.2\bin\breakgen64.dll
0x00007ffe059a0000 - 0x00007ffe059a8000 	C:\Program Files\Java\jdk-19\bin\extnet.dll
0x0000000069ac0000 - 0x0000000069ae4000 	C:\Users\Guth MOELLE\AppData\Local\Temp\jansi-2.4.0-d56779162565d0fa-jansi.dll
0x00007ffe04eb0000 - 0x00007ffe04ec0000 	C:\Program Files\Java\jdk-19\bin\verify.dll

dbghelp: loaded successfully - version: 4.0.5 - missing functions: none
symbol engine: initialized successfully - sym options: 0x614 - pdb path: .;C:\Program Files\Java\jdk-19\bin;C:\windows\SYSTEM32;C:\windows\WinSxS\amd64_microsoft.windows.common-controls_6595b64144ccf1df_6.0.19041.3636_none_60b6a03d71f818d5;C:\Program Files\Java\jdk-19\bin\server;C:\Program Files\JetBrains\IntelliJ IDEA Community Edition 2022.3.2\bin;C:\Users\Guth MOELLE\AppData\Local\Temp

VM Arguments:
jvm_args: -Dmaven.multiModuleProjectDirectory=C:\Users\Guth MOELLE\Documents\CPE Lyon\Annee 5\Semestre 9\ASI-2\Atelier_I\ASI-II-Groupe1\springboot\chatHisto_manager -Djansi.passthrough=true -Dmaven.home=C:\Users\Guth MOELLE\.m2\wrapper\dists\apache-maven-3.9.5-bin\2adeog8mj13csp1uusqnc1f2mo\apache-maven-3.9.5 -Dclassworlds.conf=C:\Users\Guth MOELLE\.m2\wrapper\dists\apache-maven-3.9.5-bin\2adeog8mj13csp1uusqnc1f2mo\apache-maven-3.9.5\bin\m2.conf -Dmaven.ext.class.path=C:\Program Files\JetBrains\IntelliJ IDEA Community Edition 2022.3.2\plugins\maven\lib\maven-event-listener.jar -javaagent:C:\Program Files\JetBrains\IntelliJ IDEA Community Edition 2022.3.2\lib\idea_rt.jar=53041:C:\Program Files\JetBrains\IntelliJ IDEA Community Edition 2022.3.2\bin -Dfile.encoding=UTF-8 -Dsun.stdout.encoding=UTF-8 -Dsun.stderr.encoding=UTF-8 
java_command: org.codehaus.classworlds.Launcher -Didea.version=2022.3.2 clean install
java_class_path (initial): C:\Users\Guth MOELLE\.m2\wrapper\dists\apache-maven-3.9.5-bin\2adeog8mj13csp1uusqnc1f2mo\apache-maven-3.9.5\boot\plexus-classworlds-2.7.0.jar;C:\Users\Guth MOELLE\.m2\wrapper\dists\apache-maven-3.9.5-bin\2adeog8mj13csp1uusqnc1f2mo\apache-maven-3.9.5\boot\plexus-classworlds.license
Launcher Type: SUN_STANDARD

[Global flags]
     intx CICompilerCount                          = 4                                         {product} {ergonomic}
     uint ConcGCThreads                            = 2                                         {product} {ergonomic}
     uint G1ConcRefinementThreads                  = 8                                         {product} {ergonomic}
   size_t G1HeapRegionSize                         = 1048576                                   {product} {ergonomic}
    uintx GCDrainStackTargetSize                   = 64                                        {product} {ergonomic}
   size_t InitialHeapSize                          = 132120576                                 {product} {ergonomic}
   size_t MarkStackSize                            = 4194304                                   {product} {ergonomic}
   size_t MaxHeapSize                              = 2088763392                                {product} {ergonomic}
   size_t MaxNewSize                               = 1253048320                                {product} {ergonomic}
   size_t MinHeapDeltaBytes                        = 1048576                                   {product} {ergonomic}
   size_t MinHeapSize                              = 8388608                                   {product} {ergonomic}
    uintx NonNMethodCodeHeapSize                   = 5839372                                {pd product} {ergonomic}
    uintx NonProfiledCodeHeapSize                  = 122909434                              {pd product} {ergonomic}
    uintx ProfiledCodeHeapSize                     = 122909434                              {pd product} {ergonomic}
    uintx ReservedCodeCacheSize                    = 251658240                              {pd product} {ergonomic}
     bool SegmentedCodeCache                       = true                                      {product} {ergonomic}
   size_t SoftMaxHeapSize                          = 2088763392                             {manageable} {ergonomic}
     bool UseCompressedClassPointers               = true                           {product lp64_product} {ergonomic}
     bool UseCompressedOops                        = true                           {product lp64_product} {ergonomic}
     bool UseG1GC                                  = true                                      {product} {ergonomic}
     bool UseLargePagesIndividualAllocation        = false                                  {pd product} {ergonomic}

Logging:
Log output configuration:
 #0: stdout all=warning uptime,level,tags foldmultilines=false
 #1: stderr all=off uptime,level,tags foldmultilines=false

Environment Variables:
PATH=C:\Program Files\Java\jdk-11\bin\;C:\Program Files\Common Files\Oracle\Java\javapath;C:\Program Files (x86)\Common Files\Oracle\Java\javapath;C:\windows\system32;C:\windows;C:\windows\System32\Wbem;C:\windows\System32\WindowsPowerShell\v1.0\;C:\windows\System32\OpenSSH\;C:\Program Files\Git\cmd;C:\Program Files\php;C:\ProgramData\ComposerSetup\bin;C:\Program Files (x86)\Windows Kits\10\Windows Performance Toolkit\;C:\Program Files\Docker\Docker\resources\bin;C:\Program Files\Java\jre1.8.0_351\bin;C:\Program Files\Microsoft SQL Server\150\Tools\Binn\;C:\Program Files\Microsoft SQL Server\Client SDK\ODBC\170\Tools\Binn\;C:\Program Files\dotnet\;C:\Program Files\nodejs\;C:\Users\Guth MOELLE\Documents\CPE Lyon\Annee 5\Semestre 9\DevOps_2\kub;C:\Program Files\helm;C:\Users\Guth MOELLE\AppData\Local\Programs\Python\Python310\Scripts\;C:\Users\Guth MOELLE\AppData\Local\Programs\Python\Python310\;C:\Users\Guth MOELLE\AppData\Local\Microsoft\WindowsApps;C:\Users\Guth MOELLE\AppData\Local\Programs\Microsoft VS Code\bin;C:\Program Files\php;C:\Users\Guth MOELLE\AppData\Roaming\Composer\vendor\bin;C:\Program Files\Java\jre1.8.0_351\bin;c:\users\guth moelle\appdata\roaming\python\python310\site-packages;;C:\Program Files\JetBrains\IntelliJ IDEA Community Edition 2022.3.2\bin;;C:\Users\Guth MOELLE\.dotnet\tools;C:\Users\Guth MOELLE\AppData\Roaming\npm
USERNAME=Guth MOELLE
OS=Windows_NT
PROCESSOR_IDENTIFIER=Intel64 Family 6 Model 142 Stepping 12, GenuineIntel
TMP=C:\Users\GUTHMO~1\AppData\Local\Temp
TEMP=C:\Users\GUTHMO~1\AppData\Local\Temp



---------------  S Y S T E M  ---------------

OS:
 Windows 10 , 64 bit Build 19041 (10.0.19041.3636)
OS uptime: 8 days 12:31 hours
Hyper-V role detected

CPU: total 8 (initial active 8) (4 cores per cpu, 2 threads per core) family 6 model 142 stepping 12 microcode 0xf8, cx8, cmov, fxsr, ht, mmx, 3dnowpref, sse, sse2, sse3, ssse3, sse4.1, sse4.2, popcnt, lzcnt, tsc, tscinvbit, avx, avx2, aes, erms, clmul, bmi1, bmi2, adx, fma, vzeroupper, clflush, clflushopt, hv, rdtscp

Memory: 4k page, system-wide physical 7965M (473M free)
TotalPageFile size 24390M (AvailPageFile size 4M)
current process WorkingSet (physical memory assigned to process): 379M, peak: 382M
current process commit charge ("private bytes"): 455M, peak: 458M

vm_info: Java HotSpot(TM) 64-Bit Server VM (19.0.1+10-21) for windows-amd64 JRE (19.0.1+10-21), built on 2022-09-14T12:45:06Z by "mach5one" with MS VC++ 17.1 (VS2022)

END.
